2025-11-08 09:31:15,ERROR,Server-1,Database connection failed
2025-11-08 09:31:20,INFO,Server-2,Request processed successfully
2025-11-08 09:31:25,WARN,Server-1,High memory usage detected
2025-11-08 09:31:30,ERROR,Server-3,Timeout connecting to external API
2025-11-08 09:31:35,INFO,Server-1,Cache cleared successfully
2025-11-08 09:31:40,DEBUG,Server-2,Processing batch job
2025-11-08 09:31:45,ERROR,Server-2,Failed to write to disk
2025-11-08 09:31:50,INFO,Server-3,User authentication successful
2025-11-08 09:31:55,WARN,Server-1,CPU usage above threshold
2025-11-08 09:32:00,INFO,Server-2,Backup completed
2025-11-08 09:32:05,ERROR,Server-1,Network timeout
2025-11-08 09:32:10,INFO,Server-3,Service health check passed
2025-11-08 09:32:15,DEBUG,Server-2,Query execution time: 45ms
2025-11-08 09:32:20,WARN,Server-3,Slow database query detected
2025-11-08 09:32:25,INFO,Server-1,Log rotation completed
2025-11-08 09:32:30,ERROR,Server-2,Permission denied
2025-11-08 09:32:35,INFO,Server-3,Configuration reloaded
2025-11-08 09:32:40,WARN,Server-1,Disk space running low
2025-11-08 09:32:45,INFO,Server-2,Session cleanup completed
2025-11-08 09:32:50,DEBUG,Server-3,Cache hit ratio: 85%
2025-11-08 09:32:55,ERROR,Server-1,Service unavailable
2025-11-08 09:33:00,INFO,Server-2,Deployment successful
2025-11-08 09:33:05,WARN,Server-3,Connection pool exhausted
2025-11-08 09:33:10,INFO,Server-1,Scheduled task executed
2025-11-08 09:33:15,ERROR,Server-2,Invalid configuration
2025-11-08 09:33:20,DEBUG,Server-3,Garbage collection performed
2025-11-08 09:33:25,INFO,Server-1,API response time: 120ms
2025-11-08 09:33:30,WARN,Server-2,Rate limit approaching
2025-11-08 09:33:35,INFO,Server-3,Data synchronization complete
2025-11-08 09:33:40,ERROR,Server-1,Authentication failed